This is XeTeX, Version 3.141592653-2.6-0.999997 (TeX Live 2025) (preloaded format=xelatex 2025.12.1)  27 MAR 2026 20:16
entering extended mode
 restricted \write18 enabled.
 %&-line parsing enabled.
**iM-DManual.tex
(d:/texlive/2025/texmf-dist/tex/latex/tools/h.tex
LaTeX2e <2024-11-01> patch level 2
L3 programming layer <2025-01-18>

! The file name provided could not be found.
Use `<enter>' to continue processing,
`S' to scroll future errors
`R' to run without stopping,
`Q' to run quietly,
or `X' to terminate TeX
! .
l.45 \errmessage{}
                  
? y
Type <return> to proceed, S to scroll future error messages,
R to run without stopping, Q to run quietly,
I to insert something, E to edit your file,
1 or ... or 9 to ignore the next 1 to 9 tokens of input,
H for help, X to quit.
? x
 
Here is how much of TeX's memory you used:
 16 strings out of 475796
 371 string characters out of 5774033
 381202 words of memory out of 5000000
 23054 multiletter control sequences out of 15000+600000
 558837 words of font info for 36 fonts, out of 8000000 for 9000
 36 hyphenation exceptions out of 8191
 11i,0n,13p,94b,8s stack positions out of 10000i,1000n,20000p,200000b,200000s
No pages of output.
