This is XeTeX, Version 3.141592653-2.6-0.999997 (TeX Live 2025) (preloaded format=xelatex 2025.12.1)  30 MAR 2026 17:13
entering extended mode
 restricted \write18 enabled.
 %&-line parsing enabled.
**iM-DManual.tex
(./iM-DManual.tex
LaTeX2e <2024-11-01> patch level 2
L3 programming layer <2025-01-18>
(./sphinxmanual.cls
Document Class: sphinxmanual 2019/12/01 v2.3.0 Document class (Sphinx manual)
(d:/texlive/2025/texmf-dist/tex/latex/base/report.cls
Document Class: report 2024/06/29 v1.4n Standard LaTeX document class
(d:/texlive/2025/texmf-dist/tex/latex/base/size11.clo
File: size11.clo 2024/06/29 v1.4n Standard LaTeX file (size option)
)
\c@part=\count192
\c@chapter=\count193
\c@section=\count194
\c@subsection=\count195
\c@subsubsection=\count196
\c@paragraph=\count197
\c@subparagraph=\count198
\c@figure=\count199
\c@table=\count266
\abovecaptionskip=\skip49
\belowcaptionskip=\skip50
\bibindent=\dimen141
)
LaTeX Info: Redefining \and on input line 35.
)
\sphinxpxdimen=\dimen142
\sphinxremdimen=\dimen143

(d:/texlive/2025/texmf-dist/tex/latex/cmap/cmap.sty
Package: cmap 2021/02/06 v1.0j CMap support: searchable PDF


Package cmap Warning: pdftex not detected - exiting.

) (d:/texlive/2025/texmf-dist/tex/xelatex/xecjk/xeCJK.sty
(d:/texlive/2025/texmf-dist/tex/latex/l3kernel/expl3.sty
Package: expl3 2025-01-18 L3 programming layer (loader) 

(d:/texlive/2025/texmf-dist/tex/latex/l3backend/l3backend-xetex.def
File: l3backend-xetex.def 2024-05-08 L3 backend support: XeTeX
\g__graphics_track_int=\count267
\l__pdf_internal_box=\box52
\g__pdf_backend_annotation_int=\count268
\g__pdf_backend_link_int=\count269
))
Package: xeCJK 2022/08/05 v3.9.1 Typesetting CJK scripts with XeLaTeX

(d:/texlive/2025/texmf-dist/tex/latex/ctex/ctexhook.sty
Package: ctexhook 2022/07/14 v2.5.10 Document and package hooks (CTEX)
)
(d:/texlive/2025/texmf-dist/tex/latex/l3packages/xtemplate/xtemplate.sty
Package: xtemplate 2024-08-16 L3 Experimental prototype document functions
)
\l__xeCJK_tmp_int=\count270
\l__xeCJK_tmp_box=\box53
\l__xeCJK_tmp_dim=\dimen144
\l__xeCJK_tmp_skip=\skip51
\g__xeCJK_space_factor_int=\count271
\l__xeCJK_begin_int=\count272
\l__xeCJK_end_int=\count273
\c__xeCJK_CJK_class_int=\XeTeXcharclass1
\c__xeCJK_FullLeft_class_int=\XeTeXcharclass2
\c__xeCJK_FullRight_class_int=\XeTeXcharclass3
\c__xeCJK_HalfLeft_class_int=\XeTeXcharclass4
\c__xeCJK_HalfRight_class_int=\XeTeXcharclass5
\c__xeCJK_NormalSpace_class_int=\XeTeXcharclass6
\c__xeCJK_CM_class_int=\XeTeXcharclass7
\c__xeCJK_HangulJamo_class_int=\XeTeXcharclass8
\l__xeCJK_last_skip=\skip52
\c__xeCJK_none_node=\count274
\g__xeCJK_node_int=\count275
\c__xeCJK_CJK_node_dim=\dimen145
\c__xeCJK_CJK-space_node_dim=\dimen146
\c__xeCJK_default_node_dim=\dimen147
\c__xeCJK_CJK-widow_node_dim=\dimen148
\c__xeCJK_normalspace_node_dim=\dimen149
\c__xeCJK_default-space_node_skip=\skip53
\l__xeCJK_ccglue_skip=\skip54
\l__xeCJK_ecglue_skip=\skip55
\l__xeCJK_punct_kern_skip=\skip56
\l__xeCJK_indent_box=\box54
\l__xeCJK_last_penalty_int=\count276
\l__xeCJK_last_bound_dim=\dimen150
\l__xeCJK_last_kern_dim=\dimen151
\l__xeCJK_widow_penalty_int=\count277

LaTeX template Info: Declaring template type 'xeCJK/punctuation' taking 0
(template)           argument(s) on line 2396.

\l__xeCJK_fixed_punct_width_dim=\dimen152
\l__xeCJK_mixed_punct_width_dim=\dimen153
\l__xeCJK_middle_punct_width_dim=\dimen154
\l__xeCJK_fixed_margin_width_dim=\dimen155
\l__xeCJK_mixed_margin_width_dim=\dimen156
\l__xeCJK_middle_margin_width_dim=\dimen157
\l__xeCJK_bound_punct_width_dim=\dimen158
\l__xeCJK_bound_margin_width_dim=\dimen159
\l__xeCJK_margin_minimum_dim=\dimen160
\l__xeCJK_kerning_total_width_dim=\dimen161
\l__xeCJK_same_align_margin_dim=\dimen162
\l__xeCJK_different_align_margin_dim=\dimen163
\l__xeCJK_kerning_margin_width_dim=\dimen164
\l__xeCJK_kerning_margin_minimum_dim=\dimen165
\l__xeCJK_bound_dim=\dimen166
\l__xeCJK_reverse_bound_dim=\dimen167
\l__xeCJK_margin_dim=\dimen168
\l__xeCJK_minimum_bound_dim=\dimen169
\l__xeCJK_kerning_margin_dim=\dimen170
\g__xeCJK_family_int=\count278
\l__xeCJK_fam_int=\count279
\g__xeCJK_fam_allocation_int=\count280
\l__xeCJK_verb_case_int=\count281
\l__xeCJK_verb_exspace_skip=\skip57

(d:/texlive/2025/texmf-dist/tex/latex/fontspec/fontspec.sty
(d:/texlive/2025/texmf-dist/tex/latex/l3packages/xparse/xparse.sty
Package: xparse 2024-08-16 L3 Experimental document command parser
)
Package: fontspec 2024/05/11 v2.9e Font selection for XeLaTeX and LuaLaTeX

(d:/texlive/2025/texmf-dist/tex/latex/fontspec/fontspec-xetex.sty
Package: fontspec-xetex 2024/05/11 v2.9e Font selection for XeLaTeX and LuaLaTe
X
\l__fontspec_script_int=\count282
\l__fontspec_language_int=\count283
\l__fontspec_strnum_int=\count284
\l__fontspec_tmp_int=\count285
\l__fontspec_tmpa_int=\count286
\l__fontspec_tmpb_int=\count287
\l__fontspec_tmpc_int=\count288
\l__fontspec_em_int=\count289
\l__fontspec_emdef_int=\count290
\l__fontspec_strong_int=\count291
\l__fontspec_strongdef_int=\count292
\l__fontspec_tmpa_dim=\dimen171
\l__fontspec_tmpb_dim=\dimen172
\l__fontspec_tmpc_dim=\dimen173

(d:/texlive/2025/texmf-dist/tex/latex/base/fontenc.sty
Package: fontenc 2021/04/29 v2.0v Standard LaTeX package
)
(d:/texlive/2025/texmf-dist/tex/latex/fontspec/fontspec.cfg)))
(d:/texlive/2025/texmf-dist/tex/xelatex/xecjk/xeCJK.cfg
File: xeCJK.cfg 2022/08/05 v3.9.1 Configuration file for xeCJK package
))
(d:/texlive/2025/texmf-dist/tex/latex/amsmath/amsmath.sty
Package: amsmath 2024/11/05 v2.17t AMS math features
\@mathmargin=\skip58

For additional information on amsmath, use the `?' option.
(d:/texlive/2025/texmf-dist/tex/latex/amsmath/amstext.sty
Package: amstext 2021/08/26 v2.01 AMS text

(d:/texlive/2025/texmf-dist/tex/latex/amsmath/amsgen.sty
File: amsgen.sty 1999/11/30 v2.0 generic functions
\@emptytoks=\toks17
\ex@=\dimen174
))
(d:/texlive/2025/texmf-dist/tex/latex/amsmath/amsbsy.sty
Package: amsbsy 1999/11/29 v1.2d Bold Symbols
\pmbraise@=\dimen175
)
(d:/texlive/2025/texmf-dist/tex/latex/amsmath/amsopn.sty
Package: amsopn 2022/04/08 v2.04 operator names
)
\inf@bad=\count293
LaTeX Info: Redefining \frac on input line 233.
\uproot@=\count294
\leftroot@=\count295
LaTeX Info: Redefining \overline on input line 398.
LaTeX Info: Redefining \colon on input line 409.
\classnum@=\count296
\DOTSCASE@=\count297
LaTeX Info: Redefining \ldots on input line 495.
LaTeX Info: Redefining \dots on input line 498.
LaTeX Info: Redefining \cdots on input line 619.
\Mathstrutbox@=\box55
\strutbox@=\box56
LaTeX Info: Redefining \big on input line 721.
LaTeX Info: Redefining \Big on input line 722.
LaTeX Info: Redefining \bigg on input line 723.
LaTeX Info: Redefining \Bigg on input line 724.
\big@size=\dimen176
LaTeX Font Info:    Redeclaring font encoding OML on input line 742.
LaTeX Font Info:    Redeclaring font encoding OMS on input line 743.
\macc@depth=\count298
LaTeX Info: Redefining \bmod on input line 904.
LaTeX Info: Redefining \pmod on input line 909.
LaTeX Info: Redefining \smash on input line 939.
LaTeX Info: Redefining \relbar on input line 969.
LaTeX Info: Redefining \Relbar on input line 970.
\c@MaxMatrixCols=\count299
\dotsspace@=\muskip17
\c@parentequation=\count300
\dspbrk@lvl=\count301
\tag@help=\toks18
\row@=\count302
\column@=\count303
\maxfields@=\count304
\andhelp@=\toks19
\eqnshift@=\dimen177
\alignsep@=\dimen178
\tagshift@=\dimen179
\tagwidth@=\dimen180
\totwidth@=\dimen181
\lineht@=\dimen182
\@envbody=\toks20
\multlinegap=\skip59
\multlinetaggap=\skip60
\mathdisplay@stack=\toks21
LaTeX Info: Redefining \[ on input line 2953.
LaTeX Info: Redefining \] on input line 2954.
)
(d:/texlive/2025/texmf-dist/tex/latex/amsfonts/amssymb.sty
Package: amssymb 2013/01/14 v3.01 AMS font symbols

(d:/texlive/2025/texmf-dist/tex/latex/amsfonts/amsfonts.sty
Package: amsfonts 2013/01/14 v3.01 Basic AMSFonts support
\symAMSa=\mathgroup4
\symAMSb=\mathgroup5
LaTeX Font Info:    Redeclaring math symbol \hbar on input line 98.
LaTeX Font Info:    Overwriting math alphabet `\mathfrak' in version `bold'
(Font)                  U/euf/m/n --> U/euf/b/n on input line 106.
))
(d:/texlive/2025/texmf-dist/tex/generic/babel/babel.sty
Package: babel 2025/02/14 v25.4 The multilingual framework for pdfLaTeX, LuaLaT
eX and XeLaTeX
\babel@savecnt=\count305
\U@D=\dimen183
\l@unhyphenated=\language6

(d:/texlive/2025/texmf-dist/tex/generic/babel/xebabel.def)
\bbl@readstream=\read2
\bbl@dirlevel=\count306

(d:/texlive/2025/texmf-dist/tex/generic/babel-english/english.ldf
Language: english 2017/06/06 v3.3r English support from the babel system
Package babel Info: Hyphen rules for 'canadian' set to \l@english
(babel)             (\language0). Reported on input line 102.
Package babel Info: Hyphen rules for 'australian' set to \l@ukenglish
(babel)             (\language4). Reported on input line 105.
Package babel Info: Hyphen rules for 'newzealand' set to \l@ukenglish
(babel)             (\language4). Reported on input line 108.
))
(d:/texlive/2025/texmf-dist/tex/generic/babel/locale/en/babel-english.tex
Package babel Info: Importing font and identification data for english
(babel)             from babel-en.ini. Reported on input line 11.
)

Package fontspec Info: 
(fontspec)             Font family 'FreeSerif(0)' created for font 'FreeSerif'
(fontspec)             with options [Ligatures=TeX,Extension =
(fontspec)             .otf,UprightFont = *,ItalicFont = *Italic,BoldFont =
(fontspec)             *Bold,BoldItalicFont = *BoldItalic].
(fontspec)              
(fontspec)              This font family consists of the following NFSS
(fontspec)             series/shapes:
(fontspec)              
(fontspec)             - 'normal' (m/n) with NFSS spec.:
(fontspec)             <->"[FreeSerif.otf]/OT:script=latn;language=dflt;mapping
=tex-text;"
(fontspec)             - 'small caps'  (m/sc) with NFSS spec.:
(fontspec)             <->"[FreeSerif.otf]/OT:script=latn;language=dflt;+smcp;m
apping=tex-text;"
(fontspec)             - 'bold' (b/n) with NFSS spec.:
(fontspec)             <->"[FreeSerifBold.otf]/OT:script=latn;language=dflt;map
ping=tex-text;"
(fontspec)             - 'bold small caps'  (b/sc) with NFSS spec.:
(fontspec)             <->"[FreeSerifBold.otf]/OT:script=latn;language=dflt;+sm
cp;mapping=tex-text;"
(fontspec)             - 'italic' (m/it) with NFSS spec.:
(fontspec)             <->"[FreeSerifItalic.otf]/OT:script=latn;language=dflt;m
apping=tex-text;"
(fontspec)             - 'bold italic' (b/it) with NFSS spec.:
(fontspec)             <->"[FreeSerifBoldItalic.otf]/OT:script=latn;language=df
lt;mapping=tex-text;"


Package fontspec Info: 
(fontspec)             Font family 'FreeSans(0)' created for font 'FreeSans'
(fontspec)             with options [Ligatures=TeX,Extension =
(fontspec)             .otf,UprightFont = *,ItalicFont = *Oblique,BoldFont =
(fontspec)             *Bold,BoldItalicFont = *BoldOblique].
(fontspec)              
(fontspec)              This font family consists of the following NFSS
(fontspec)             series/shapes:
(fontspec)              
(fontspec)             - 'normal' (m/n) with NFSS spec.:
(fontspec)             <->"[FreeSans.otf]/OT:script=latn;language=dflt;mapping=
tex-text;"
(fontspec)             - 'small caps'  (m/sc) with NFSS spec.:
(fontspec)             <->"[FreeSans.otf]/OT:script=latn;language=dflt;+smcp;ma
pping=tex-text;"
(fontspec)             - 'bold' (b/n) with NFSS spec.:
(fontspec)             <->"[FreeSansBold.otf]/OT:script=latn;language=dflt;mapp
ing=tex-text;"
(fontspec)             - 'bold small caps'  (b/sc) with NFSS spec.:
(fontspec)             <->"[FreeSansBold.otf]/OT:script=latn;language=dflt;+smc
p;mapping=tex-text;"
(fontspec)             - 'italic' (m/it) with NFSS spec.:
(fontspec)             <->"[FreeSansOblique.otf]/OT:script=latn;language=dflt;m
apping=tex-text;"
(fontspec)             - 'bold italic' (b/it) with NFSS spec.:
(fontspec)             <->"[FreeSansBoldOblique.otf]/OT:script=latn;language=df
lt;mapping=tex-text;"


Package fontspec Info: 
(fontspec)             FreeMono scale = 0.9.


Package fontspec Info: 
(fontspec)             FreeMono scale = 0.9.


Package fontspec Info: 
(fontspec)             FreeMonoBold scale = 0.9.


Package fontspec Info: 
(fontspec)             FreeMonoOblique scale = 0.9.


Package fontspec Info: 
(fontspec)             FreeMonoBoldOblique scale = 0.9.


Package fontspec Info: 
(fontspec)             Font family 'FreeMono(0)' created for font 'FreeMono'
(fontspec)             with options
(fontspec)             [WordSpace={1,0,0},HyphenChar=None,PunctuationSpace=Word
Space,Scale=0.9,Extension
(fontspec)             = .otf,UprightFont = *,ItalicFont = *Oblique,BoldFont =
(fontspec)             *Bold,BoldItalicFont = *BoldOblique].
(fontspec)              
(fontspec)              This font family consists of the following NFSS
(fontspec)             series/shapes:
(fontspec)              
(fontspec)             - 'normal' (m/n) with NFSS spec.:
(fontspec)             <->s*[0.9]"[FreeMono.otf]/OT:script=latn;language=dflt;"

(fontspec)             - 'bold' (b/n) with NFSS spec.:
(fontspec)             <->s*[0.9]"[FreeMonoBold.otf]/OT:script=latn;language=df
lt;"
(fontspec)             - 'italic' (m/it) with NFSS spec.:
(fontspec)             <->s*[0.9]"[FreeMonoOblique.otf]/OT:script=latn;language
=dflt;"
(fontspec)             - 'bold italic' (b/it) with NFSS spec.:
(fontspec)             <->s*[0.9]"[FreeMonoBoldOblique.otf]/OT:script=latn;lang
uage=dflt;"


(d:/texlive/2025/texmf-dist/tex/latex/fncychap/fncychap.sty
Package: fncychap 2007/07/30 v1.34 LaTeX package (Revised chapters)
\RW=\skip61
\mylen=\skip62
\myhi=\skip63
\px=\skip64
\py=\skip65
\pyy=\skip66
\pxx=\skip67
) (./sphinx.sty
Package: sphinx 2025/12/26 v9.1.0 Sphinx LaTeX package (sphinx-doc)

(d:/texlive/2025/texmf-dist/tex/generic/ltxcmds/ltxcmds.sty
Package: ltxcmds 2023-12-04 v1.26 LaTeX kernel commands for general use (HO)
)
(d:/texlive/2025/texmf-dist/tex/latex/xcolor/xcolor.sty
Package: xcolor 2024/09/29 v3.02 LaTeX color extensions (UK)

(d:/texlive/2025/texmf-dist/tex/latex/graphics-cfg/color.cfg
File: color.cfg 2016/01/02 v1.6 sample color configuration
)
Package xcolor Info: Driver file: xetex.def on input line 274.

(d:/texlive/2025/texmf-dist/tex/latex/graphics-def/xetex.def
File: xetex.def 2022/09/22 v5.0n Graphics/color driver for xetex
)
(d:/texlive/2025/texmf-dist/tex/latex/graphics/mathcolor.ltx)
Package xcolor Info: Model `cmy' substituted by `cmy0' on input line 1349.
Package xcolor Info: Model `RGB' extended on input line 1365.
Package xcolor Info: Model `HTML' substituted by `rgb' on input line 1367.
Package xcolor Info: Model `Hsb' substituted by `hsb' on input line 1368.
Package xcolor Info: Model `tHsb' substituted by `hsb' on input line 1369.
Package xcolor Info: Model `HSB' substituted by `hsb' on input line 1370.
Package xcolor Info: Model `Gray' substituted by `gray' on input line 1371.
Package xcolor Info: Model `wave' substituted by `hsb' on input line 1372.
)
(d:/texlive/2025/texmf-dist/tex/latex/kvoptions/kvoptions.sty
Package: kvoptions 2022-06-15 v3.15 Key value format for package options (HO)

(d:/texlive/2025/texmf-dist/tex/latex/graphics/keyval.sty
Package: keyval 2022/05/29 v1.15 key=value parser (DPC)
\KV@toks@=\toks22
)
(d:/texlive/2025/texmf-dist/tex/latex/kvsetkeys/kvsetkeys.sty
Package: kvsetkeys 2022-10-05 v1.19 Key value parser (HO)
))
(./sphinxoptionshyperref.sty
Package: sphinxoptionshyperref 2021/01/27 hyperref
) (./sphinxoptionsgeometry.sty
Package: sphinxoptionsgeometry 2021/01/27 geometry
)
(d:/texlive/2025/texmf-dist/tex/latex/base/textcomp.sty
Package: textcomp 2024/04/24 v2.1b Standard LaTeX package
)
(d:/texlive/2025/texmf-dist/tex/latex/float/float.sty
Package: float 2001/11/08 v1.3d Float enhancements (AL)
\c@float@type=\count307
\float@exts=\toks23
\float@box=\box57
\@float@everytoks=\toks24
\@floatcapt=\box58
)
(d:/texlive/2025/texmf-dist/tex/latex/wrapfig/wrapfig.sty
\wrapoverhang=\dimen184
\WF@size=\dimen185
\c@WF@wrappedlines=\count308
\WF@box=\box59
\WF@everypar=\toks25
Package: wrapfig 2003/01/31  v 3.6
)
(d:/texlive/2025/texmf-dist/tex/latex/capt-of/capt-of.sty
Package: capt-of 2009/12/29 v0.2 standard captions outside of floats
)
(d:/texlive/2025/texmf-dist/tex/latex/tools/multicol.sty
Package: multicol 2024/09/14 v1.9i multicolumn formatting (FMi)
\c@tracingmulticols=\count309
\mult@box=\box60
\multicol@leftmargin=\dimen186
\c@unbalance=\count310
\c@collectmore=\count311
\doublecol@number=\count312
\multicoltolerance=\count313
\multicolpretolerance=\count314
\full@width=\dimen187
\page@free=\dimen188
\premulticols=\dimen189
\postmulticols=\dimen190
\multicolsep=\skip68
\multicolbaselineskip=\skip69
\partial@page=\box61
\last@line=\box62
\mc@boxedresult=\box63
\maxbalancingoverflow=\dimen191
\mult@rightbox=\box64
\mult@grightbox=\box65
\mult@firstbox=\box66
\mult@gfirstbox=\box67
\@tempa=\box68
\@tempa=\box69
\@tempa=\box70
\@tempa=\box71
\@tempa=\box72
\@tempa=\box73
\@tempa=\box74
\@tempa=\box75
\@tempa=\box76
\@tempa=\box77
\@tempa=\box78
\@tempa=\box79
\@tempa=\box80
\@tempa=\box81
\@tempa=\box82
\@tempa=\box83
\@tempa=\box84
\@tempa=\box85
\@tempa=\box86
\@tempa=\box87
\@tempa=\box88
\@tempa=\box89
\@tempa=\box90
\@tempa=\box91
\@tempa=\box92
\@tempa=\box93
\@tempa=\box94
\@tempa=\box95
\@tempa=\box96
\@tempa=\box97
\@tempa=\box98
\@tempa=\box99
\@tempa=\box100
\@tempa=\box101
\@tempa=\box102
\@tempa=\box103
\c@minrows=\count315
\c@columnbadness=\count316
\c@finalcolumnbadness=\count317
\last@try=\dimen192
\multicolovershoot=\dimen193
\multicolundershoot=\dimen194
\mult@nat@firstbox=\box104
\colbreak@box=\box105
\mc@col@check@num=\count318
)
(d:/texlive/2025/texmf-dist/tex/latex/graphics/graphicx.sty
Package: graphicx 2021/09/16 v1.2d Enhanced LaTeX Graphics (DPC,SPQR)

(d:/texlive/2025/texmf-dist/tex/latex/graphics/graphics.sty
Package: graphics 2024/08/06 v1.4g Standard LaTeX Graphics (DPC,SPQR)

(d:/texlive/2025/texmf-dist/tex/latex/graphics/trig.sty
Package: trig 2023/12/02 v1.11 sin cos tan (DPC)
)
(d:/texlive/2025/texmf-dist/tex/latex/graphics-cfg/graphics.cfg
File: graphics.cfg 2016/06/04 v1.11 sample graphics configuration
)
Package graphics Info: Driver file: xetex.def on input line 106.
)
\Gin@req@height=\dimen195
\Gin@req@width=\dimen196
)
(./sphinxlatexgraphics.sty
Package: sphinxlatexgraphics 2024/08/13 v8.1.0 graphics
\spx@image@maxheight=\dimen197
\spx@image@box=\box106
) (./sphinxpackageboxes.sty
Package: sphinxpackageboxes 2024/07/01 v7.4.0 advanced colored boxes

(d:/texlive/2025/texmf-dist/tex/latex/pict2e/pict2e.sty
Package: pict2e 2020/09/30 v0.4b Improved picture commands (HjG,RN,JT)

(d:/texlive/2025/texmf-dist/tex/latex/pict2e/pict2e.cfg
File: pict2e.cfg 2016/02/05 v0.1u pict2e configuration for teTeX/TeXLive
)
Package pict2e Info: Driver file: xetex.def on input line 112.
Package pict2e Info: Driver file for pict2e: p2e-xetex.def on input line 114.

(d:/texlive/2025/texmf-dist/tex/latex/pict2e/p2e-xetex.def
File: p2e-xetex.def 2016/02/05 v0.1u Driver-dependant file (RN,HjG,JT)
)
\pIIe@GRAPH=\toks26
\@arclen=\dimen198
\@arcrad=\dimen199
\pIIe@tempdima=\dimen256
\pIIe@tempdimb=\dimen257
\pIIe@tempdimc=\dimen258
\pIIe@tempdimd=\dimen259
\pIIe@tempdime=\dimen260
\pIIe@tempdimf=\dimen261
)
(d:/texlive/2025/texmf-dist/tex/latex/ellipse/ellipse.sty
Package: ellipse 2004/11/05 v1.0 .dtx ellipse file
)
\@tempdimd=\dimen262
\spx@tempboxa=\box107
\spx@tempboxb=\box108
\spx@boxes@border@top=\dimen263
\spx@boxes@border@right=\dimen264
\spx@boxes@border@bottom=\dimen265
\spx@boxes@border@left=\dimen266
\spx@boxes@padding@top=\dimen267
\spx@boxes@padding@right=\dimen268
\spx@boxes@padding@bottom=\dimen269
\spx@boxes@padding@left=\dimen270
\spx@boxes@shadow@xoffset=\dimen271
\spx@boxes@shadow@yoffset=\dimen272
\spx@boxes@radius@topleft@x=\dimen273
\spx@boxes@radius@topright@x=\dimen274
\spx@boxes@radius@bottomright@x=\dimen275
\spx@boxes@radius@bottomleft@x=\dimen276
\spx@boxes@radius@topleft@y=\dimen277
\spx@boxes@radius@topright@y=\dimen278
\spx@boxes@radius@bottomright@y=\dimen279
\spx@boxes@radius@bottomleft@y=\dimen280
)
(./sphinxlatexadmonitions.sty
Package: sphinxlatexadmonitions 2025/10/24 v9.0.0 admonitions

(d:/texlive/2025/texmf-dist/tex/latex/framed/framed.sty
Package: framed 2011/10/22 v 0.96: framed or shaded text with page breaks
\OuterFrameSep=\skip70
\fb@frw=\dimen281
\fb@frh=\dimen282
\FrameRule=\dimen283
\FrameSep=\dimen284
)
(d:/texlive/2025/texmf-dist/tex/latex/needspace/needspace.sty
Package: needspace 2010/09/12 v1.3d reserve vertical space
)
(./sphinxpackagefootnote.sty
Package: sphinxpackagefootnote 2025/11/15 v9.0.0 Sphinx custom footnotehyper pa
ckage (Sphinx team)
\FNH@notes=\box109
\FNH@toks=\toks27
\FNH@width=\dimen285
\c@sphinxfootnotemark=\count319
)
\spx@notice@border=\dimen286
\c@sphinxtodo=\count320
) (./sphinxlatexliterals.sty
Package: sphinxlatexliterals 2025/12/26 v9.1.0 code-blocks and parsed literals

(d:/texlive/2025/texmf-dist/tex/latex/fancyvrb/fancyvrb.sty
Package: fancyvrb 2024/01/20 4.5c verbatim text (tvz,hv)
\FV@CodeLineNo=\count321
\FV@InFile=\read3
\FV@TabBox=\box110
\c@FancyVerbLine=\count322
\FV@StepNumber=\count323
\FV@OutFile=\write3
)
(d:/texlive/2025/texmf-dist/tex/latex/base/alltt.sty
Package: alltt 2024/07/07 v2.0g defines alltt environment
)
(d:/texlive/2025/texmf-dist/tex/latex/upquote/upquote.sty
Package: upquote 2012/04/19 v1.3 upright-quote and grave-accent glyphs in verba
tim
)
\sphinxcontinuationbox=\box111
\sphinxvisiblespacebox=\box112
\sphinxVerbatim@TitleBox=\box113
\sphinxVerbatim@ContentsBox=\box114
)
(./sphinxlatexshadowbox.sty
Package: sphinxlatexshadowbox 2024/07/28 v8.1.0 sphinxShadowBox
) (./sphinxlatexcontainers.sty
Package: sphinxlatexcontainers 2021/05/03 containers
)
(./sphinxhighlight.sty
Package: sphinxhighlight 2022/06/30 stylesheet for highlighting with pygments
) (./sphinxlatextables.sty
Package: sphinxlatextables 2025/12/30 v9.1.0 tables

(d:/texlive/2025/texmf-dist/tex/latex/tabulary/tabulary.sty
Package: tabulary 2024/06/04 v0.11 tabulary package (DPC)

(d:/texlive/2025/texmf-dist/tex/latex/tools/array.sty
Package: array 2024/10/17 v2.6g Tabular extension package (FMi)
\col@sep=\dimen287
\ar@mcellbox=\box115
\extrarowheight=\dimen288
\NC@list=\toks28
\extratabsurround=\skip71
\backup@length=\skip72
\ar@cellbox=\box116
)
\TY@count=\count324
\TY@linewidth=\dimen289
\tymin=\dimen290
\tymax=\dimen291
\TY@tablewidth=\dimen292
)
(d:/texlive/2025/texmf-dist/tex/latex/tools/longtable.sty
Package: longtable 2024-10-27 v4.22 Multi-page Table package (DPC)
\LTleft=\skip73
\LTright=\skip74
\LTpre=\skip75
\LTpost=\skip76
\LTchunksize=\count325
\LTcapwidth=\dimen293
\LT@head=\box117
\LT@firsthead=\box118
\LT@foot=\box119
\LT@lastfoot=\box120
\LT@gbox=\box121
\LT@cols=\count326
\LT@rows=\count327
\c@LT@tables=\count328
\c@LT@chunks=\count329
\LT@p@ftn=\toks29
)
(d:/texlive/2025/texmf-dist/tex/latex/varwidth/varwidth.sty
Package: varwidth 2009/03/30 ver 0.92;  Variable-width minipages
\@vwid@box=\box122
\sift@deathcycles=\count330
\@vwid@loff=\dimen294
\@vwid@roff=\dimen295
)
\sphinx@TY@tablewidth=\dimen296

(d:/texlive/2025/texmf-dist/tex/latex/colortbl/colortbl.sty
Package: colortbl 2024/07/06 v1.0i Color table columns (DPC)
\everycr=\toks30
\minrowclearance=\skip77
\rownum=\count331
)
(d:/texlive/2025/texmf-dist/tex/latex/booktabs/booktabs.sty
Package: booktabs 2020/01/12 v1.61803398 Publication quality tables
\heavyrulewidth=\dimen297
\lightrulewidth=\dimen298
\cmidrulewidth=\dimen299
\belowrulesep=\dimen300
\belowbottomsep=\dimen301
\aboverulesep=\dimen302
\abovetopsep=\dimen303
\cmidrulesep=\dimen304
\cmidrulekern=\dimen305
\defaultaddspace=\dimen306
\@cmidla=\count332
\@cmidlb=\count333
\@aboverulesep=\dimen307
\@belowrulesep=\dimen308
\@thisruleclass=\count334
\@lastruleclass=\count335
\@thisrulewidth=\dimen309
))
(./sphinxlatexnumfig.sty
Package: sphinxlatexnumfig 2024/07/31 v8.1.0 numbering
) (./sphinxlatexlists.sty
Package: sphinxlatexlists 2021/12/20 lists
\spx@lineitemlabel=\toks31
)
\c@sphinxscope=\count336
 (./sphinxlatexindbibtoc.sty
Package: sphinxlatexindbibtoc 2021/01/27 index, bib., toc

(d:/texlive/2025/texmf-dist/tex/latex/base/makeidx.sty
Package: makeidx 2021/10/04 v1.0m Standard LaTeX package
))
(./sphinxlatexstylepage.sty
Package: sphinxlatexstylepage 2021/01/27 page styling

(d:/texlive/2025/texmf-dist/tex/latex/parskip/parskip.sty
Package: parskip 2021-03-14 v2.0h non-zero parskip adjustments

(d:/texlive/2025/texmf-dist/tex/latex/etoolbox/etoolbox.sty
Package: etoolbox 2025/02/11 v2.5l e-TeX tools for LaTeX (JAW)
\etb@tempcnta=\count337
))
(d:/texlive/2025/texmf-dist/tex/latex/fancyhdr/fancyhdr.sty
Package: fancyhdr 2025/02/07 v5.2 Extensive control of page headers and footers

\f@nch@headwidth=\skip78
\f@nch@offset@elh=\skip79
\f@nch@offset@erh=\skip80
\f@nch@offset@olh=\skip81
\f@nch@offset@orh=\skip82
\f@nch@offset@elf=\skip83
\f@nch@offset@erf=\skip84
\f@nch@offset@olf=\skip85
\f@nch@offset@orf=\skip86
\f@nch@height=\skip87
\f@nch@footalignment=\skip88
\f@nch@widthL=\skip89
\f@nch@widthC=\skip90
\f@nch@widthR=\skip91
\@temptokenb=\toks32
))
(./sphinxlatexstyleheadings.sty
Package: sphinxlatexstyleheadings 2023/02/11 headings

(d:/texlive/2025/texmf-dist/tex/latex/titlesec/titlesec.sty
Package: titlesec 2025/01/04 v2.17 Sectioning titles
\ttl@box=\box123
\beforetitleunit=\skip92
\aftertitleunit=\skip93
\ttl@plus=\dimen310
\ttl@minus=\dimen311
\ttl@toksa=\toks33
\titlewidth=\dimen312
\titlewidthlast=\dimen313
\titlewidthfirst=\dimen314
))
(./sphinxlatexstyletext.sty
Package: sphinxlatexstyletext 2025/05/24 v9.0.0 text styling
) (./sphinxlatexobjects.sty
Package: sphinxlatexobjects 2025/06/06 documentation environments
\sphinxsignaturesep=\skip94
\sphinxsignaturelistskip=\skip95
\py@argswidth=\skip96
\lineblockindentation=\skip97
\DUlineblockindent=\skip98
)
\sphinxvwdimen=\dimen315
\sphinxvhdimen=\dimen316
\sphinxvmindimen=\dimen317
\sphinxvmaxdimen=\dimen318
\sphinxQdimen=\dimen319
)
(d:/texlive/2025/texmf-dist/tex/latex/geometry/geometry.sty
Package: geometry 2020/01/02 v5.9 Page Geometry

(d:/texlive/2025/texmf-dist/tex/generic/iftex/ifvtex.sty
Package: ifvtex 2019/10/25 v1.7 ifvtex legacy package. Use iftex instead.

(d:/texlive/2025/texmf-dist/tex/generic/iftex/iftex.sty
Package: iftex 2024/12/12 v1.0g TeX engine tests
))
\Gm@cnth=\count338
\Gm@cntv=\count339
\c@Gm@tempcnt=\count340
\Gm@bindingoffset=\dimen320
\Gm@wd@mp=\dimen321
\Gm@odd@mp=\dimen322
\Gm@even@mp=\dimen323
\Gm@layoutwidth=\dimen324
\Gm@layoutheight=\dimen325
\Gm@layouthoffset=\dimen326
\Gm@layoutvoffset=\dimen327
\Gm@dimlist=\toks34
)
(d:/texlive/2025/texmf-dist/tex/latex/hyperref/hyperref.sty
Package: hyperref 2024-11-05 v7.01l Hypertext links for LaTeX

(d:/texlive/2025/texmf-dist/tex/generic/kvdefinekeys/kvdefinekeys.sty
Package: kvdefinekeys 2019-12-19 v1.6 Define keys (HO)
)
(d:/texlive/2025/texmf-dist/tex/generic/pdfescape/pdfescape.sty
Package: pdfescape 2019/12/09 v1.15 Implements pdfTeX's escape features (HO)

(d:/texlive/2025/texmf-dist/tex/generic/pdftexcmds/pdftexcmds.sty
Package: pdftexcmds 2020-06-27 v0.33 Utility functions of pdfTeX for LuaTeX (HO
)

(d:/texlive/2025/texmf-dist/tex/generic/infwarerr/infwarerr.sty
Package: infwarerr 2019/12/03 v1.5 Providing info/warning/error messages (HO)
)
Package pdftexcmds Info: \pdf@primitive is available.
Package pdftexcmds Info: \pdf@ifprimitive is available.
Package pdftexcmds Info: \pdfdraftmode not found.
))
(d:/texlive/2025/texmf-dist/tex/latex/hycolor/hycolor.sty
Package: hycolor 2020-01-27 v1.10 Color options for hyperref/bookmark (HO)
)
(d:/texlive/2025/texmf-dist/tex/latex/hyperref/nameref.sty
Package: nameref 2023-11-26 v2.56 Cross-referencing by name of section

(d:/texlive/2025/texmf-dist/tex/latex/refcount/refcount.sty
Package: refcount 2019/12/15 v3.6 Data extraction from label references (HO)
)
(d:/texlive/2025/texmf-dist/tex/generic/gettitlestring/gettitlestring.sty
Package: gettitlestring 2019/12/15 v1.6 Cleanup title references (HO)
)
\c@section@level=\count341
)
(d:/texlive/2025/texmf-dist/tex/generic/stringenc/stringenc.sty
Package: stringenc 2019/11/29 v1.12 Convert strings between diff. encodings (HO
)
)
\@linkdim=\dimen328
\Hy@linkcounter=\count342
\Hy@pagecounter=\count343

(d:/texlive/2025/texmf-dist/tex/latex/hyperref/pd1enc.def
File: pd1enc.def 2024-11-05 v7.01l Hyperref: PDFDocEncoding definition (HO)
)
(d:/texlive/2025/texmf-dist/tex/generic/intcalc/intcalc.sty
Package: intcalc 2019/12/15 v1.3 Expandable calculations with integers (HO)
)
\Hy@SavedSpaceFactor=\count344

(d:/texlive/2025/texmf-dist/tex/latex/hyperref/puenc.def
File: puenc.def 2024-11-05 v7.01l Hyperref: PDF Unicode definition (HO)
)
Package hyperref Info: Option `unicode' set `true' on input line 4040.
Package hyperref Info: Option `colorlinks' set `true' on input line 4040.
Package hyperref Info: Option `breaklinks' set `true' on input line 4040.
Package hyperref Info: Hyper figures OFF on input line 4157.
Package hyperref Info: Link nesting OFF on input line 4162.
Package hyperref Info: Hyper index ON on input line 4165.
Package hyperref Info: Plain pages OFF on input line 4172.
Package hyperref Info: Backreferencing OFF on input line 4177.
Package hyperref Info: Implicit mode ON; LaTeX internals redefined.
Package hyperref Info: Bookmarks ON on input line 4424.
\c@Hy@tempcnt=\count345

(d:/texlive/2025/texmf-dist/tex/latex/url/url.sty
\Urlmuskip=\muskip18
Package: url 2013/09/16  ver 3.4  Verb mode for urls, etc.
)
LaTeX Info: Redefining \url on input line 4763.
\XeTeXLinkMargin=\dimen329

(d:/texlive/2025/texmf-dist/tex/generic/bitset/bitset.sty
Package: bitset 2019/12/09 v1.3 Handle bit-vector datatype (HO)

(d:/texlive/2025/texmf-dist/tex/generic/bigintcalc/bigintcalc.sty
Package: bigintcalc 2019/12/15 v1.5 Expandable calculations on big integers (HO
)
))
\Fld@menulength=\count346
\Field@Width=\dimen330
\Fld@charsize=\dimen331
Package hyperref Info: Hyper figures OFF on input line 6042.
Package hyperref Info: Link nesting OFF on input line 6047.
Package hyperref Info: Hyper index ON on input line 6050.
Package hyperref Info: backreferencing OFF on input line 6057.
Package hyperref Info: Link coloring ON on input line 6060.
Package hyperref Info: Link coloring with OCG OFF on input line 6067.
Package hyperref Info: PDF/A mode OFF on input line 6072.

(d:/texlive/2025/texmf-dist/tex/latex/base/atbegshi-ltx.sty
Package: atbegshi-ltx 2021/01/10 v1.0c Emulation of the original atbegshi
package with kernel methods
)
\Hy@abspage=\count347
\c@Item=\count348
\c@Hfootnote=\count349
)
Package hyperref Info: Driver (autodetected): hxetex.

(d:/texlive/2025/texmf-dist/tex/latex/hyperref/hxetex.def
File: hxetex.def 2024-11-05 v7.01l Hyperref driver for XeTeX
\pdfm@box=\box124
\c@Hy@AnnotLevel=\count350
\HyField@AnnotCount=\count351
\Fld@listcount=\count352
\c@bookmark@seq@number=\count353

(d:/texlive/2025/texmf-dist/tex/latex/rerunfilecheck/rerunfilecheck.sty
Package: rerunfilecheck 2022-07-10 v1.10 Rerun checks for auxiliary files (HO)

(d:/texlive/2025/texmf-dist/tex/latex/base/atveryend-ltx.sty
Package: atveryend-ltx 2020/08/19 v1.0a Emulation of the original atveryend pac
kage
with kernel methods
)
(d:/texlive/2025/texmf-dist/tex/generic/uniquecounter/uniquecounter.sty
Package: uniquecounter 2019/12/15 v1.4 Provide unlimited unique counter (HO)
)
Package uniquecounter Info: New unique counter `rerunfilecheck' on input line 2
85.
)
\Hy@SectionHShift=\skip99
)
(d:/texlive/2025/texmf-dist/tex/latex/hypcap/hypcap.sty
Package: hypcap 2024-07-26 v1.13 Adjusting the anchors of captions (HO)

(d:/texlive/2025/texmf-dist/tex/latex/letltxmacro/letltxmacro.sty
Package: letltxmacro 2019/12/03 v1.6 Let assignment for LaTeX macros (HO)
))
(./sphinxmessages.sty
Package: sphinxmessages 2019/01/04 v2.0 Localized LaTeX macros (Sphinx team)
) (d:/texlive/2025/texmf-dist/tex/latex/ctex/ctex.sty
Package: ctex 2022/07/14 v2.5.10 Chinese adapter in LaTeX (CTEX)

(d:/texlive/2025/texmf-dist/tex/latex/ctex/ctexpatch.sty
Package: ctexpatch 2022/07/14 v2.5.10 Patching commands (CTEX)
)
(d:/texlive/2025/texmf-dist/tex/latex/base/fix-cm.sty
Package: fix-cm 2020/11/24 v1.1t fixes to LaTeX

(d:/texlive/2025/texmf-dist/tex/latex/base/ts1enc.def
File: ts1enc.def 2001/06/05 v3.0e (jk/car/fm) Standard LaTeX file
LaTeX Font Info:    Redeclaring font encoding TS1 on input line 47.
))
\l__ctex_tmp_int=\count354
\l__ctex_tmp_box=\box125
\l__ctex_tmp_dim=\dimen332
\g__ctex_section_depth_int=\count355
\g__ctex_font_size_int=\count356

(d:/texlive/2025/texmf-dist/tex/latex/ctex/config/ctexopts.cfg
File: ctexopts.cfg 2022/07/14 v2.5.10 Option configuration file (CTEX)
)
(d:/texlive/2025/texmf-dist/tex/latex/ctex/engine/ctex-engine-xetex.def
File: ctex-engine-xetex.def 2022/07/14 v2.5.10 XeLaTeX adapter (CTEX)
\ccwd=\dimen333
\l__ctex_ccglue_skip=\skip100
)
\l__ctex_ziju_dim=\dimen334

(d:/texlive/2025/texmf-dist/tex/latex/zhnumber/zhnumber.sty
Package: zhnumber 2022/07/14 v3.0 Typesetting numbers with Chinese glyphs
\l__zhnum_scale_int=\count357
\l__zhnum_tmp_int=\count358

(d:/texlive/2025/texmf-dist/tex/latex/zhnumber/zhnumber-utf8.cfg
File: zhnumber-utf8.cfg 2022/07/14 v3.0 Chinese numerals with UTF8 encoding
))
(d:/texlive/2025/texmf-dist/tex/latex/ctex/scheme/ctex-scheme-chinese.def
File: ctex-scheme-chinese.def 2022/07/14 v2.5.10 Chinese scheme for generic (CT
EX)

(d:/texlive/2025/texmf-dist/tex/latex/ctex/config/ctex-name-utf8.cfg
File: ctex-name-utf8.cfg 2022/07/14 v2.5.10 Caption with encoding UTF-8 (CTEX)
))
(d:/texlive/2025/texmf-dist/tex/latex/tools/indentfirst.sty
Package: indentfirst 2023/07/02 v1.03 Indent first paragraph (DPC)
)
(d:/texlive/2025/texmf-dist/tex/latex/ctex/fontset/ctex-fontset-windows.def
File: ctex-fontset-windows.def 2022/07/14 v2.5.10 Windows fonts definition (CTE
X)

Package fontspec Info: 
(fontspec)             Could not resolve font "KaiTi/B" (it probably doesn't
(fontspec)             exist).


Package fontspec Info: 
(fontspec)             Could not resolve font "SimHei/I" (it probably doesn't
(fontspec)             exist).


Package fontspec Info: 
(fontspec)             Could not resolve font "SimSun/BI" (it probably doesn't
(fontspec)             exist).


Package fontspec Info: 
(fontspec)             Font family 'SimSun(0)' created for font 'SimSun' with
(fontspec)             options
(fontspec)             [Script={CJK},BoldFont={SimHei},ItalicFont={KaiTi}].
(fontspec)              
(fontspec)              This font family consists of the following NFSS
(fontspec)             series/shapes:
(fontspec)              
(fontspec)             - 'normal' (m/n) with NFSS spec.:
(fontspec)             <->"SimSun/OT:script=hani;language=dflt;"
(fontspec)             - 'bold' (b/n) with NFSS spec.:
(fontspec)             <->"SimHei/OT:script=hani;language=dflt;"
(fontspec)             - 'italic' (m/it) with NFSS spec.:
(fontspec)             <->"KaiTi/OT:script=hani;language=dflt;"

))
(d:/texlive/2025/texmf-dist/tex/latex/ctex/config/ctex.cfg
File: ctex.cfg 2022/07/14 v2.5.10 Configuration file (CTEX)
)
(d:/texlive/2025/texmf-dist/tex/latex/placeins/placeins.sty
Package: placeins 2005/04/18  v 2.2
)
(d:/texlive/2025/texmf-dist/tex/latex/listings/listings.sty
\lst@mode=\count359
\lst@gtempboxa=\box126
\lst@token=\toks35
\lst@length=\count360
\lst@currlwidth=\dimen335
\lst@column=\count361
\lst@pos=\count362
\lst@lostspace=\dimen336
\lst@width=\dimen337
\lst@newlines=\count363
\lst@lineno=\count364
\lst@maxwidth=\dimen338

(d:/texlive/2025/texmf-dist/tex/latex/listings/lstpatch.sty
File: lstpatch.sty 2024/09/23 1.10c (Carsten Heinz)
)
(d:/texlive/2025/texmf-dist/tex/latex/listings/lstmisc.sty
File: lstmisc.sty 2024/09/23 1.10c (Carsten Heinz)
\c@lstnumber=\count365
\lst@skipnumbers=\count366
\lst@framebox=\box127
)
(d:/texlive/2025/texmf-dist/tex/latex/listings/listings.cfg
File: listings.cfg 2024/09/23 1.10c listings configuration
))
Package: listings 2024/09/23 1.10c (Carsten Heinz)

(d:/texlive/2025/texmf-dist/tex/xelatex/xecjk/xeCJK-listings.sty
Package: xeCJK-listings 2022/08/05 v3.9.1 xeCJK patch file for listings
\l__xeCJK_listings_max_char_int=\count367
\l__xeCJK_listings_flag_int=\count368
)
(d:/texlive/2025/texmf-dist/tex/latex/bookmark/bookmark.sty
Package: bookmark 2023-12-10 v1.31 PDF bookmarks (HO)

(d:/texlive/2025/texmf-dist/tex/latex/bookmark/bkm-dvipdfm.def
File: bkm-dvipdfm.def 2023-12-10 v1.31 bookmark driver for dvipdfm (HO)
\BKM@id=\count369
))
(d:/texlive/2025/texmf-dist/tex/latex/lastpage/lastpage.sty
Package: lastpage 2025/01/27 v2.1e lastpage: 2.09 or 2e? (HMM)

(d:/texlive/2025/texmf-dist/tex/latex/lastpage/lastpage2e.sty
Package: lastpage2e 2025/01/27 v2.1e Decide which 2e lastpage version to use (H
MM)

(d:/texlive/2025/texmf-dist/tex/latex/lastpage/lastpagemodern.sty
Package: lastpagemodern 2025-01-27 v2.1e Refers to last page's name (HMM; JPG)
\c@lastpagecount=\count370
) 
))
Package hyperref Info: Option `colorlinks' set `true' on input line 181.
 (d:/texlive/2025/texmf-dist/tex/latex/tools/tabularx.sty
Package: tabularx 2023/12/11 v2.12a `tabularx' package (DPC)
\TX@col@width=\dimen339
\TX@old@table=\dimen340
\TX@old@col=\dimen341
\TX@target=\dimen342
\TX@delta=\dimen343
\TX@cols=\count371
\TX@ftn=\toks36
)
(d:/texlive/2025/texmf-dist/tex/latex/ltablex/ltablex.sty
Package: ltablex 2014/08/13 v1.1 Modified tabularx
)
(d:/texlive/2025/texmf-dist/tex/latex/tocloft/tocloft.sty
Package: tocloft 2017/08/31 v2.3i parameterised ToC, etc., typesetting
Package tocloft Info: The document has chapter divisions on input line 51.
\cftparskip=\skip101
\cftbeforetoctitleskip=\skip102
\cftaftertoctitleskip=\skip103
\cftbeforepartskip=\skip104
\cftpartnumwidth=\skip105
\cftpartindent=\skip106
\cftbeforechapskip=\skip107
\cftchapindent=\skip108
\cftchapnumwidth=\skip109
\cftbeforesecskip=\skip110
\cftsecindent=\skip111
\cftsecnumwidth=\skip112
\cftbeforesubsecskip=\skip113
\cftsubsecindent=\skip114
\cftsubsecnumwidth=\skip115
\cftbeforesubsubsecskip=\skip116
\cftsubsubsecindent=\skip117
\cftsubsubsecnumwidth=\skip118
\cftbeforeparaskip=\skip119
\cftparaindent=\skip120
\cftparanumwidth=\skip121
\cftbeforesubparaskip=\skip122
\cftsubparaindent=\skip123
\cftsubparanumwidth=\skip124
\cftbeforeloftitleskip=\skip125
\cftafterloftitleskip=\skip126
\cftbeforefigskip=\skip127
\cftfigindent=\skip128
\cftfignumwidth=\skip129
\c@lofdepth=\count372
\c@lotdepth=\count373
\cftbeforelottitleskip=\skip130
\cftafterlottitleskip=\skip131
\cftbeforetabskip=\skip132
\cfttabindent=\skip133
\cfttabnumwidth=\skip134


Package tocloft Warning: \@starttoc has already been redefined; tocloft bailing
 out. on input line 1156.

)
\@indexfile=\write4
\openout4 = `iM-DManual.idx'.


Writing index file iM-DManual.idx
(./iM-DManual.aux)
\openout1 = `iM-DManual.aux'.

LaTeX Font Info:    Checking defaults for OML/cmm/m/it on input line 279.
LaTeX Font Info:    ... okay on input line 279.
LaTeX Font Info:    Checking defaults for OMS/cmsy/m/n on input line 279.
LaTeX Font Info:    ... okay on input line 279.
LaTeX Font Info:    Checking defaults for OT1/cmr/m/n on input line 279.
LaTeX Font Info:    ... okay on input line 279.
LaTeX Font Info:    Checking defaults for T1/cmr/m/n on input line 279.
LaTeX Font Info:    ... okay on input line 279.
LaTeX Font Info:    Checking defaults for TS1/cmr/m/n on input line 279.
LaTeX Font Info:    ... okay on input line 279.
LaTeX Font Info:    Checking defaults for TU/lmr/m/n on input line 279.
LaTeX Font Info:    ... okay on input line 279.
LaTeX Font Info:    Checking defaults for OMX/cmex/m/n on input line 279.
LaTeX Font Info:    ... okay on input line 279.
LaTeX Font Info:    Checking defaults for U/cmr/m/n on input line 279.
LaTeX Font Info:    ... okay on input line 279.
LaTeX Font Info:    Checking defaults for PD1/pdf/m/n on input line 279.
LaTeX Font Info:    ... okay on input line 279.
LaTeX Font Info:    Checking defaults for PU/pdf/m/n on input line 279.
LaTeX Font Info:    ... okay on input line 279.

Package fontspec Info: 
(fontspec)             Adjusting the maths setup (use [no-math] to avoid
(fontspec)             this).

\symlegacymaths=\mathgroup6
LaTeX Font Info:    Overwriting symbol font `legacymaths' in version `bold'
(Font)                  OT1/cmr/m/n --> OT1/cmr/bx/n on input line 279.
LaTeX Font Info:    Redeclaring math accent \acute on input line 279.
LaTeX Font Info:    Redeclaring math accent \grave on input line 279.
LaTeX Font Info:    Redeclaring math accent \ddot on input line 279.
LaTeX Font Info:    Redeclaring math accent \tilde on input line 279.
LaTeX Font Info:    Redeclaring math accent \bar on input line 279.
LaTeX Font Info:    Redeclaring math accent \breve on input line 279.
LaTeX Font Info:    Redeclaring math accent \check on input line 279.
LaTeX Font Info:    Redeclaring math accent \hat on input line 279.
LaTeX Font Info:    Redeclaring math accent \dot on input line 279.
LaTeX Font Info:    Redeclaring math accent \mathring on input line 279.
LaTeX Font Info:    Redeclaring math symbol \Gamma on input line 279.
LaTeX Font Info:    Redeclaring math symbol \Delta on input line 279.
LaTeX Font Info:    Redeclaring math symbol \Theta on input line 279.
LaTeX Font Info:    Redeclaring math symbol \Lambda on input line 279.
LaTeX Font Info:    Redeclaring math symbol \Xi on input line 279.
LaTeX Font Info:    Redeclaring math symbol \Pi on input line 279.
LaTeX Font Info:    Redeclaring math symbol \Sigma on input line 279.
LaTeX Font Info:    Redeclaring math symbol \Upsilon on input line 279.
LaTeX Font Info:    Redeclaring math symbol \Phi on input line 279.
LaTeX Font Info:    Redeclaring math symbol \Psi on input line 279.
LaTeX Font Info:    Redeclaring math symbol \Omega on input line 279.
LaTeX Font Info:    Redeclaring math symbol \mathdollar on input line 279.
LaTeX Font Info:    Redeclaring symbol font `operators' on input line 279.
LaTeX Font Info:    Encoding `OT1' has changed to `TU' for symbol font
(Font)              `operators' in the math version `normal' on input line 279.

LaTeX Font Info:    Overwriting symbol font `operators' in version `normal'
(Font)                  OT1/cmr/m/n --> TU/FreeSerif(0)/m/n on input line 279.
LaTeX Font Info:    Encoding `OT1' has changed to `TU' for symbol font
(Font)              `operators' in the math version `bold' on input line 279.
LaTeX Font Info:    Overwriting symbol font `operators' in version `bold'
(Font)                  OT1/cmr/bx/n --> TU/FreeSerif(0)/m/n on input line 279.

LaTeX Font Info:    Overwriting symbol font `operators' in version `normal'
(Font)                  TU/FreeSerif(0)/m/n --> TU/FreeSerif(0)/m/n on input li
ne 279.
LaTeX Font Info:    Overwriting math alphabet `\mathit' in version `normal'
(Font)                  OT1/cmr/m/it --> TU/FreeSerif(0)/m/it on input line 279
.
LaTeX Font Info:    Overwriting math alphabet `\mathbf' in version `normal'
(Font)                  OT1/cmr/bx/n --> TU/FreeSerif(0)/b/n on input line 279.

LaTeX Font Info:    Overwriting math alphabet `\mathsf' in version `normal'
(Font)                  OT1/cmss/m/n --> TU/FreeSans(0)/m/n on input line 279.
LaTeX Font Info:    Overwriting math alphabet `\mathtt' in version `normal'
(Font)                  OT1/cmtt/m/n --> TU/FreeMono(0)/m/n on input line 279.
LaTeX Font Info:    Overwriting symbol font `operators' in version `bold'
(Font)                  TU/FreeSerif(0)/m/n --> TU/FreeSerif(0)/b/n on input li
ne 279.
LaTeX Font Info:    Overwriting math alphabet `\mathit' in version `bold'
(Font)                  OT1/cmr/bx/it --> TU/FreeSerif(0)/b/it on input line 27
9.
LaTeX Font Info:    Overwriting math alphabet `\mathsf' in version `bold'
(Font)                  OT1/cmss/bx/n --> TU/FreeSans(0)/b/n on input line 279.

LaTeX Font Info:    Overwriting math alphabet `\mathtt' in version `bold'
(Font)                  OT1/cmtt/m/n --> TU/FreeMono(0)/b/n on input line 279.

(d:/texlive/2025/texmf-dist/tex/latex/fontawesome5/fontawesome5.sty
Package: fontawesome5 2022/05/02 v5.15.4 Font Awesome 5

(d:/texlive/2025/texmf-dist/tex/latex/l3packages/l3keys2e/l3keys2e.sty
Package: l3keys2e 2024-08-16 LaTeX2e option processing using LaTeX3 keys
)
(d:/texlive/2025/texmf-dist/tex/latex/fontawesome5/fontawesome5-utex-helper.sty
Package: fontawesome5-utex-helper 2022/05/02 v5.15.4 uTeX helper for fontawesom
e5
LaTeX Font Info:    Trying to load font information for TU+fontawesomefree on i
nput line 69.
(d:/texlive/2025/texmf-dist/tex/latex/fontawesome5/tufontawesomefree.fd)
LaTeX Font Info:    Trying to load font information for TU+fontawesomebrands on
 input line 70.

(d:/texlive/2025/texmf-dist/tex/latex/fontawesome5/tufontawesomebrands.fd)))
\c@literalblock=\count374

*geometry* driver: auto-detecting
*geometry* detected driver: xetex
*geometry* verbose mode - [ preamble ] result:
* driver: xetex
* paper: a4paper
* layout: <same size as paper>
* layoutoffset:(h,v)=(0.0pt,0.0pt)
* modes: 
* h-part:(L,W,R)=(71.13188pt, 455.24411pt, 71.13188pt)
* v-part:(T,H,B)=(85.35826pt, 688.5567pt, 71.13188pt)
* \paperwidth=597.50787pt
* \paperheight=845.04684pt
* \textwidth=455.24411pt
* \textheight=688.5567pt
* \oddsidemargin=-1.1381pt
* \evensidemargin=-1.1381pt
* \topmargin=-34.67392pt
* \headheight=25.0pt
* \headsep=22.76219pt
* \topskip=11.0pt
* \footskip=30.0pt
* \marginparwidth=36.135pt
* \marginparsep=10.0pt
* \columnsep=10.0pt
* \skip\footins=10.0pt plus 4.0pt minus 2.0pt
* \hoffset=0.0pt
* \voffset=0.0pt
* \mag=1000
* \@twocolumnfalse
* \@twosidefalse
* \@mparswitchfalse
* \@reversemarginfalse
* (1in=72.27pt=25.4mm, 1cm=28.453pt)

Package hyperref Info: Link coloring ON on input line 279.
\c@lstlisting=\count375
(./cover.tex
File: Logo.png Graphic file (type bmp)
<Logo.png>
File: iM-D.png Graphic file (type bmp)
<iM-D.png>


[1

]) (./iM-DManual.toc
LaTeX Font Info:    Trying to load font information for U+msa on input line 2.
 (d:/texlive/2025/texmf-dist/tex/latex/amsfonts/umsa.fd
File: umsa.fd 2013/01/14 v3.01 AMS symbols A
)
LaTeX Font Info:    Trying to load font information for U+msb on input line 2.

(d:/texlive/2025/texmf-dist/tex/latex/amsfonts/umsb.fd
File: umsb.fd 2013/01/14 v3.01 AMS symbols B
)

File: Logo.png Graphic file (type bmp)
<Logo.png>
[1

]

File: Logo.png Graphic file (type bmp)
<Logo.png>
[2])
\tf@toc=\write5
\openout5 = `iM-DManual.toc'.



File: Logo.png Graphic file (type bmp)
<Logo.png>
[3]

Package fontspec Info: 
(fontspec)             Could not resolve font "FangSong/BI" (it probably
(fontspec)             doesn't exist).


Package fontspec Info: 
(fontspec)             Could not resolve font "FangSong/B" (it probably
(fontspec)             doesn't exist).


Package fontspec Info: 
(fontspec)             Could not resolve font "FangSong/I" (it probably
(fontspec)             doesn't exist).

LaTeX Font Info:    Font shape `TU/FreeMono(0)/m/n' will be
(Font)              scaled to size 9.85492pt on input line 324.

Package fontspec Info: 
(fontspec)             Font family 'FangSong(0)' created for font 'FangSong'
(fontspec)             with options [Script={CJK}].
(fontspec)              
(fontspec)              This font family consists of the following NFSS
(fontspec)             series/shapes:
(fontspec)              
(fontspec)             - 'normal' (m/n) with NFSS spec.:
(fontspec)             <->"FangSong/OT:script=hani;language=dflt;"

File: 官网二维码.png Graphic file (type bmp)
<官网二维码.png>


File: Logo.png Graphic file (type bmp)
<Logo.png>
[1


]
Chapter 1.


File: Logo.png Graphic file (type bmp)
<Logo.png>
[2

]
Chapter 2.


File: Logo.png Graphic file (type bmp)
<Logo.png>
[3

]
Chapter 3.


File: Logo.png Graphic file (type bmp)
<Logo.png>
[4

]

File: Logo.png Graphic file (type bmp)
<Logo.png>
[5]
Chapter 4.
! Misplaced \noalign.
\rowcolor ->\noalign 
                     {\ifnum 0=`}\fi \global \let \CT@do@color \CT@@do@color...
l.474 \sphinxstyletheadfamily
                              \sphinxAtStartPar
? s
OK, entering \scrollmode...
! Misplaced \noalign.
\rowcolor ->\noalign 
                     {\ifnum 0=`}\fi \global \let \CT@do@color \CT@@do@color...
l.479 \sphinxstyletheadfamily
                              \sphinxAtStartPar
I expect to see \noalign only after the \cr of
an alignment. Proceed, and I'll ignore this case.

! Misplaced \noalign.
\rowcolor ->\noalign 
                     {\ifnum 0=`}\fi \global \let \CT@do@color \CT@@do@color...
l.562 \sphinxstyletheadfamily
                              \sphinxAtStartPar
I expect to see \noalign only after the \cr of
an alignment. Proceed, and I'll ignore this case.

! Misplaced \noalign.
\rowcolor ->\noalign 
                     {\ifnum 0=`}\fi \global \let \CT@do@color \CT@@do@color...
l.567 \sphinxstyletheadfamily
                              \sphinxAtStartPar
I expect to see \noalign only after the \cr of
an alignment. Proceed, and I'll ignore this case.

File: 触电.png Graphic file (type bmp)
<触电.png>
File: 危险.png Graphic file (type bmp)
<危险.png>


File: Logo.png Graphic file (type bmp)
<Logo.png>
[6

]
! Misplaced \noalign.
\rowcolor ->\noalign 
                     {\ifnum 0=`}\fi \global \let \CT@do@color \CT@@do@color...
l.655 \sphinxstyletheadfamily
                              \sphinxAtStartPar
I expect to see \noalign only after the \cr of
an alignment. Proceed, and I'll ignore this case.

! Misplaced \noalign.
\rowcolor ->\noalign 
                     {\ifnum 0=`}\fi \global \let \CT@do@color \CT@@do@color...
l.660 \sphinxstyletheadfamily
                              \sphinxAtStartPar
I expect to see \noalign only after the \cr of
an alignment. Proceed, and I'll ignore this case.

File: 危险.png Graphic file (type bmp)
<危险.png>


File: Logo.png Graphic file (type bmp)
<Logo.png>
[7]

File: Logo.png Graphic file (type bmp)
<Logo.png>
[8]

File: Logo.png Graphic file (type bmp)
<Logo.png>
[9]

File: Logo.png Graphic file (type bmp)
<Logo.png>
[10]
Missing character: There is no ⾃ (U+2F83) in font SimSun/OT:script=hani;languag
e=dflt;!


File: Logo.png Graphic file (type bmp)
<Logo.png>
[11]
File: 按下释放抱闸按钮.pdf Graphic file (type pdf)
<use 按下释放抱闸按钮.pdf>
File: iM-D铭牌位置.pdf Graphic file (type pdf)
<use iM-D铭牌位置.pdf>


File: Logo.png Graphic file (type bmp)
<Logo.png>
[12]
! Misplaced \noalign.
\rowcolor ->\noalign 
                     {\ifnum 0=`}\fi \global \let \CT@do@color \CT@@do@color...
l.1022 \sphinxstyletheadfamily
                               \sphinxAtStartPar
I expect to see \noalign only after the \cr of
an alignment. Proceed, and I'll ignore this case.

! Misplaced \noalign.
\rowcolor ->\noalign 
                     {\ifnum 0=`}\fi \global \let \CT@do@color \CT@@do@color...
l.1027 \sphinxstyletheadfamily
                               \sphinxAtStartPar
I expect to see \noalign only after the \cr of
an alignment. Proceed, and I'll ignore this case.

! Misplaced \noalign.
\rowcolor ->\noalign 
                     {\ifnum 0=`}\fi \global \let \CT@do@color \CT@@do@color...
l.1032 \sphinxstyletheadfamily
                               \sphinxAtStartPar
I expect to see \noalign only after the \cr of
an alignment. Proceed, and I'll ignore this case.

File: iM-D铭牌.pdf Graphic file (type pdf)
<use iM-D铭牌.pdf>
File: 撞击.png Graphic file (type bmp)
<撞击.png>
File: 夹手.png Graphic file (type bmp)
<夹手.png>
File: 触电.png Graphic file (type bmp)
<触电.png>
File: 热表面.png Graphic file (type bmp)
<热表面.png>


File: Logo.png Graphic file (type bmp)
<Logo.png>
[13]

File: Logo.png Graphic file (type bmp)
<Logo.png>
[14]
Chapter 5.
File: iM-D部件组成.pdf Graphic file (type pdf)
<use iM-D部件组成.pdf>


File: Logo.png Graphic file (type bmp)
<Logo.png>
[15

]

File: Logo.png Graphic file (type bmp)
<Logo.png>
[16]
Chapter 6.
! Misplaced \noalign.
\rowcolor ->\noalign 
                     {\ifnum 0=`}\fi \global \let \CT@do@color \CT@@do@color...
l.1208 \sphinxstyletheadfamily
                               \sphinxAtStartPar
I expect to see \noalign only after the \cr of
an alignment. Proceed, and I'll ignore this case.

! Misplaced \noalign.
\rowcolor ->\noalign 
                     {\ifnum 0=`}\fi \global \let \CT@do@color \CT@@do@color...
l.1213 \sphinxstyletheadfamily
                               \sphinxAtStartPar
I expect to see \noalign only after the \cr of
an alignment. Proceed, and I'll ignore this case.

! Misplaced \noalign.
\rowcolor ->\noalign 
                     {\ifnum 0=`}\fi \global \let \CT@do@color \CT@@do@color...
l.1218 \sphinxstyletheadfamily
                               \sphinxAtStartPar
I expect to see \noalign only after the \cr of
an alignment. Proceed, and I'll ignore this case.


Underfull \hbox (badness 5050) in paragraph at lines 1383--1385
[]\TU/SimSun(0)/m/n/10.95 启 用 底 盘 工 艺 包：|  点 击 \TU/SimSun(0)/b/n/10.95 应 用 \TU/
FreeSerif(0)/m/n/10.95 > \TU/SimSun(0)/b/n/10.95 工 艺 包 \TU/FreeSerif(0)/m/n/10.
95 >, \TU/SimSun(0)/m/n/10.95 找 到
 []



File: Logo.png Graphic file (type bmp)
<Logo.png>
[17

]
Chapter 7.
! Misplaced \noalign.
\rowcolor ->\noalign 
                     {\ifnum 0=`}\fi \global \let \CT@do@color \CT@@do@color...
l.1451 \sphinxstyletheadfamily
                               \sphinxAtStartPar
I expect to see \noalign only after the \cr of
an alignment. Proceed, and I'll ignore this case.

! Misplaced \noalign.
\rowcolor ->\noalign 
                     {\ifnum 0=`}\fi \global \let \CT@do@color \CT@@do@color...
l.1456 \sphinxstyletheadfamily
                               \sphinxAtStartPar
I expect to see \noalign only after the \cr of
an alignment. Proceed, and I'll ignore this case.


Package fontspec Info: 
(fontspec)             Could not resolve font "Microsoft YaHei Bold/I" (it
(fontspec)             probably doesn't exist).


Package fontspec Info: 
(fontspec)             Could not resolve font "Microsoft YaHei/I" (it probably
(fontspec)             doesn't exist).


Package fontspec Info: 
(fontspec)             Font family 'MicrosoftYaHei(0)' created for font
(fontspec)             'Microsoft YaHei' with options
(fontspec)             [Script={CJK},BoldFont={* Bold}].
(fontspec)              
(fontspec)              This font family consists of the following NFSS
(fontspec)             series/shapes:
(fontspec)              
(fontspec)             - 'normal' (m/n) with NFSS spec.: <->"Microsoft
(fontspec)             YaHei/OT:script=hani;language=dflt;"
(fontspec)             - 'bold' (b/n) with NFSS spec.: <->"Microsoft YaHei
(fontspec)             Bold/OT:script=hani;language=dflt;"
(fontspec)             - 'bold italic' (b/it) with NFSS spec.: <->"Microsoft
(fontspec)             YaHei/BI/OT:script=hani;language=dflt;"

! Misplaced \noalign.
\rowcolor ->\noalign 
                     {\ifnum 0=`}\fi \global \let \CT@do@color \CT@@do@color...
l.1469 \sphinxstyletheadfamily
                               \sphinxAtStartPar
I expect to see \noalign only after the \cr of
an alignment. Proceed, and I'll ignore this case.

! Misplaced \noalign.
\rowcolor ->\noalign 
                     {\ifnum 0=`}\fi \global \let \CT@do@color \CT@@do@color...
l.1474 \sphinxstyletheadfamily
                               \sphinxAtStartPar
I expect to see \noalign only after the \cr of
an alignment. Proceed, and I'll ignore this case.


Underfull \hbox (badness 10000) in paragraph at lines 1626--1628
[]\TU/FreeSerif(0)/m/n/10.95 DI*8\TU/SimSun(0)/m/n/10.95 ；| \TU/FreeSerif(0)/m/
n/10.95 DO*8\TU/SimSun(0)/m/n/10.95 ；| \TU/FreeSerif(0)/m/n/10.95 RS485*2\TU/Si
mSun(0)/m/n/10.95 ；| \TU/FreeSerif(0)/m/n/10.95 USB*1\TU/SimSun(0)/m/n/10.95 ；|
 \TU/FreeSerif(0)/m/n/10.95 RJ45*2\TU/SimSun(0)/m/n/10.95 ；|
 []

File: Logo.png Graphic file (type bmp)
<Logo.png>
[18

]
! Misplaced \noalign.
\rowcolor ->\noalign 
                     {\ifnum 0=`}\fi \global \let \CT@do@color \CT@@do@color...
l.2045 \sphinxstyletheadfamily
                               \sphinxAtStartPar
I expect to see \noalign only after the \cr of
an alignment. Proceed, and I'll ignore this case.

! Misplaced \noalign.
\rowcolor ->\noalign 
                     {\ifnum 0=`}\fi \global \let \CT@do@color \CT@@do@color...
l.2050 \sphinxstyletheadfamily
                               \sphinxAtStartPar
I expect to see \noalign only after the \cr of
an alignment. Proceed, and I'll ignore this case.



File: Logo.png Graphic file (type bmp)
<Logo.png>
[19]
! Misplaced \noalign.
\rowcolor ->\noalign 
                     {\ifnum 0=`}\fi \global \let \CT@do@color \CT@@do@color...
l.2209 \sphinxstyletheadfamily
                               \sphinxAtStartPar
I expect to see \noalign only after the \cr of
an alignment. Proceed, and I'll ignore this case.

! Misplaced \noalign.
\rowcolor ->\noalign 
                     {\ifnum 0=`}\fi \global \let \CT@do@color \CT@@do@color...
l.2214 \sphinxstyletheadfamily
                               \sphinxAtStartPar
I expect to see \noalign only after the \cr of
an alignment. Proceed, and I'll ignore this case.

! Misplaced \noalign.
\rowcolor ->\noalign 
                     {\ifnum 0=`}\fi \global \let \CT@do@color \CT@@do@color...
l.2219 \sphinxstyletheadfamily
                               \sphinxAtStartPar
I expect to see \noalign only after the \cr of
an alignment. Proceed, and I'll ignore this case.


Underfull \hbox (badness 10000) in paragraph at lines 2219--2221
[]\TU/SimSun(0)/b/n/10.95 端 子 型 号
 []

! Misplaced \noalign.
\rowcolor ->\noalign 
                     {\ifnum 0=`}\fi \global \let \CT@do@color \CT@@do@color...
l.2224 \sphinxstyletheadfamily
                               \sphinxAtStartPar
I expect to see \noalign only after the \cr of
an alignment. Proceed, and I'll ignore this case.

! Misplaced \noalign.
\rowcolor ->\noalign 
                     {\ifnum 0=`}\fi \global \let \CT@do@color \CT@@do@color...
l.2229 \sphinxstyletheadfamily
                               \sphinxAtStartPar
I expect to see \noalign only after the \cr of
an alignment. Proceed, and I'll ignore this case.

! Misplaced \noalign.
\rowcolor ->\noalign 
                     {\ifnum 0=`}\fi \global \let \CT@do@color \CT@@do@color...
l.2234 \sphinxstyletheadfamily
                               \sphinxAtStartPar
I expect to see \noalign only after the \cr of
an alignment. Proceed, and I'll ignore this case.


Underfull \hbox (badness 10000) in paragraph at lines 2246--2248
[]\TU/FreeSerif(0)/m/n/10.95 DF62-2428SCF\TU/SimSun(0)/m/n/10.95 ，|
 []


Underfull \hbox (badness 10000) in paragraph at lines 2277--2279
[]\TU/FreeSerif(0)/m/n/10.95 DF62-2428SCF\TU/SimSun(0)/m/n/10.95 ，|
 []


Underfull \hbox (badness 10000) in paragraph at lines 2303--2305
[]\TU/FreeSerif(0)/m/n/10.95 DC24V_USER
 []


Underfull \hbox (badness 10000) in paragraph at lines 2308--2310
[]\TU/FreeSerif(0)/m/n/10.95 XT60H-M\TU/SimSun(0)/m/n/10.95 ，|
 []


Underfull \hbox (badness 10000) in paragraph at lines 2334--2336
[]\TU/FreeSerif(0)/m/n/10.95 DC48V_USER
 []


Underfull \hbox (badness 10000) in paragraph at lines 2339--2341
[]\TU/FreeSerif(0)/m/n/10.95 XT90H-M\TU/SimSun(0)/m/n/10.95 ，|
 []



File: Logo.png Graphic file (type bmp)
<Logo.png>
[20]
! Misplaced \noalign.
\rowcolor ->\noalign 
                     {\ifnum 0=`}\fi \global \let \CT@do@color \CT@@do@color...
l.2407 \sphinxstyletheadfamily
                               \sphinxAtStartPar
I expect to see \noalign only after the \cr of
an alignment. Proceed, and I'll ignore this case.

! Misplaced \noalign.
\rowcolor ->\noalign 
                     {\ifnum 0=`}\fi \global \let \CT@do@color \CT@@do@color...
l.2412 \sphinxstyletheadfamily
                               \sphinxAtStartPar
I expect to see \noalign only after the \cr of
an alignment. Proceed, and I'll ignore this case.

File: iM-D尺寸图.pdf Graphic file (type pdf)
<use iM-D尺寸图.pdf>


File: Logo.png Graphic file (type bmp)
<Logo.png>
[21]
File: iM-D指示灯位置.pdf Graphic file (type pdf)
<use iM-D指示灯位置.pdf>

! Misplaced \noalign.
\rowcolor ->\noalign 
                     {\ifnum 0=`}\fi \global \let \CT@do@color \CT@@do@color...
l.2471 \sphinxstyletheadfamily
                               \sphinxAtStartPar
I expect to see \noalign only after the \cr of
an alignment. Proceed, and I'll ignore this case.

! Misplaced \noalign.
\rowcolor ->\noalign 
                     {\ifnum 0=`}\fi \global \let \CT@do@color \CT@@do@color...
l.2476 \sphinxstyletheadfamily
                               \sphinxAtStartPar
I expect to see \noalign only after the \cr of
an alignment. Proceed, and I'll ignore this case.



File: Logo.png Graphic file (type bmp)
<Logo.png>
[22]
File: 电池指示灯位置.pdf Graphic file (type pdf)
<use 电池指示灯位置.pdf>

! Misplaced \noalign.
\rowcolor ->\noalign 
                     {\ifnum 0=`}\fi \global \let \CT@do@color \CT@@do@color...
l.2599 \sphinxstyletheadfamily
                               \sphinxAtStartPar
I expect to see \noalign only after the \cr of
an alignment. Proceed, and I'll ignore this case.

! Misplaced \noalign.
\rowcolor ->\noalign 
                     {\ifnum 0=`}\fi \global \let \CT@do@color \CT@@do@color...
l.2604 \sphinxstyletheadfamily
                               \sphinxAtStartPar
I expect to see \noalign only after the \cr of
an alignment. Proceed, and I'll ignore this case.



File: Logo.png Graphic file (type bmp)
<Logo.png>
[23]
File: 功能按钮位置.pdf Graphic file (type pdf)
<use 功能按钮位置.pdf>

! Misplaced \noalign.
\rowcolor ->\noalign 
                     {\ifnum 0=`}\fi \global \let \CT@do@color \CT@@do@color...
l.2688 \sphinxstyletheadfamily
                               \sphinxAtStartPar
I expect to see \noalign only after the \cr of
an alignment. Proceed, and I'll ignore this case.

! Misplaced \noalign.
\rowcolor ->\noalign 
                     {\ifnum 0=`}\fi \global \let \CT@do@color \CT@@do@color...
l.2693 \sphinxstyletheadfamily
                               \sphinxAtStartPar
I expect to see \noalign only after the \cr of
an alignment. Proceed, and I'll ignore this case.

! Misplaced \noalign.
\rowcolor ->\noalign 
                     {\ifnum 0=`}\fi \global \let \CT@do@color \CT@@do@color...
l.2698 \sphinxstyletheadfamily
                               \sphinxAtStartPar
I expect to see \noalign only after the \cr of
an alignment. Proceed, and I'll ignore this case.



File: Logo.png Graphic file (type bmp)
<Logo.png>
[24]
File: 急停按钮位置.pdf Graphic file (type pdf)
<use 急停按钮位置.pdf>


File: Logo.png Graphic file (type bmp)
<Logo.png>
[25]
File: 电池按钮位置.pdf Graphic file (type pdf)
<use 电池按钮位置.pdf>


File: Logo.png Graphic file (type bmp)
<Logo.png>
[26]
File: 激光雷达位置.pdf Graphic file (type pdf)
<use 激光雷达位置.pdf>


File: Logo.png Graphic file (type bmp)
<Logo.png>
[27]
File: 安全触边位置.pdf Graphic file (type pdf)
<use 安全触边位置.pdf>


File: Logo.png Graphic file (type bmp)
<Logo.png>
[28]
File: 读码器位置.pdf Graphic file (type pdf)
<use 读码器位置.pdf>

! Misplaced \noalign.
\rowcolor ->\noalign 
                     {\ifnum 0=`}\fi \global \let \CT@do@color \CT@@do@color...
l.2945 \sphinxstyletheadfamily
                               \sphinxAtStartPar
I expect to see \noalign only after the \cr of
an alignment. Proceed, and I'll ignore this case.

! Misplaced \noalign.
\rowcolor ->\noalign 
                     {\ifnum 0=`}\fi \global \let \CT@do@color \CT@@do@color...
l.2950 \sphinxstyletheadfamily
                               \sphinxAtStartPar
I expect to see \noalign only after the \cr of
an alignment. Proceed, and I'll ignore this case.



File: Logo.png Graphic file (type bmp)
<Logo.png>
[29]
File: 控制面板位置.pdf Graphic file (type pdf)
<use 控制面板位置.pdf>


File: Logo.png Graphic file (type bmp)
<Logo.png>
[30]
File: 移动底盘坐标系.pdf Graphic file (type pdf)
<use 移动底盘坐标系.pdf>


File: Logo.png Graphic file (type bmp)
<Logo.png>
[31]
File: 直线行驶所需空间.pdf Graphic file (type pdf)
<use 直线行驶所需空间.pdf>
File: 90°转弯所需空间.pdf Graphic file (type pdf)
<use 90°转弯所需空间.pdf>
File: 驶过过道所需空间.pdf Graphic file (type pdf)
<use 驶过过道所需空间.pdf>


File: Logo.png Graphic file (type bmp)
<Logo.png>
[32]
File: 交错驶过所需空间.pdf Graphic file (type pdf)
<use 交错驶过所需空间.pdf>
File: 旋转所需空间.pdf Graphic file (type pdf)
<use 旋转所需空间.pdf>


File: Logo.png Graphic file (type bmp)
<Logo.png>
[33]
File: 维护盖板钥匙孔.pdf Graphic file (type pdf)
<use 维护盖板钥匙孔.pdf>


File: Logo.png Graphic file (type bmp)
<Logo.png>
[34]
Chapter 8.


File: Logo.png Graphic file (type bmp)
<Logo.png>
[35

]
File: 剪断扎带.pdf Graphic file (type pdf)
<use 剪断扎带.pdf>
File: 取下外包装箱.pdf Graphic file (type pdf)
<use 取下外包装箱.pdf>
File: 放置斜坡木板.pdf Graphic file (type pdf)
<use 放置斜坡木板.pdf>


File: Logo.png Graphic file (type bmp)
<Logo.png>
[36]
File: 取下泡棉.pdf Graphic file (type pdf)
<use 取下泡棉.pdf>
File: 打开电源开关.pdf Graphic file (type pdf)
<use 打开电源开关.pdf>


File: Logo.png Graphic file (type bmp)
<Logo.png>
[37]
File: 按下电源按钮.pdf Graphic file (type pdf)
<use 按下电源按钮.pdf>
File: 按下释放抱闸按钮.pdf Graphic file (type pdf)
<use 按下释放抱闸按钮.pdf>


File: Logo.png Graphic file (type bmp)
<Logo.png>
[38]
File: 取出移动底盘.pdf Graphic file (type pdf)
<use 取出移动底盘.pdf>


File: Logo.png Graphic file (type bmp)
<Logo.png>
[39]

File: Logo.png Graphic file (type bmp)
<Logo.png>
[40]
File: 电源接口.pdf Graphic file (type pdf)
<use 电源接口.pdf>
File: 电源电气接口.pdf Graphic file (type pdf)
<use 电源电气接口.pdf>


File: Logo.png Graphic file (type bmp)
<Logo.png>
[41]
File: 方形电池接口.pdf Graphic file (type pdf)
<use 方形电池接口.pdf>
File: 圆形电池接口.pdf Graphic file (type pdf)
<use 圆形电池接口.pdf>


File: Logo.png Graphic file (type bmp)
<Logo.png>
[42]

File: Logo.png Graphic file (type bmp)
<Logo.png>
[43]

File: Logo.png Graphic file (type bmp)
<Logo.png>
[44]
File: 打开电池仓.pdf Graphic file (type pdf)
<use 打开电池仓.pdf>


File: Logo.png Graphic file (type bmp)
<Logo.png>
[45]
File: 取出电池.pdf Graphic file (type pdf)
<use 取出电池.pdf>
File: 用户接口位置.pdf Graphic file (type pdf)
<use 用户接口位置.pdf>


File: Logo.png Graphic file (type bmp)
<Logo.png>
[46]
File: 用户接口.pdf Graphic file (type pdf)
<use 用户接口.pdf>


File: Logo.png Graphic file (type bmp)
<Logo.png>
[47]
File: DIO_USER接口.pdf Graphic file (type pdf)
<use DIO_USER接口.pdf>

! Misplaced \noalign.
\rowcolor ->\noalign 
                     {\ifnum 0=`}\fi \global \let \CT@do@color \CT@@do@color...
l.3918 \sphinxstyletheadfamily
                               \sphinxAtStartPar
I expect to see \noalign only after the \cr of
an alignment. Proceed, and I'll ignore this case.

! Misplaced \noalign.
\rowcolor ->\noalign 
                     {\ifnum 0=`}\fi \global \let \CT@do@color \CT@@do@color...
l.3923 \sphinxstyletheadfamily
                               \sphinxAtStartPar
I expect to see \noalign only after the \cr of
an alignment. Proceed, and I'll ignore this case.

! Misplaced \noalign.
\rowcolor ->\noalign 
                     {\ifnum 0=`}\fi \global \let \CT@do@color \CT@@do@color...
l.3928 \sphinxstyletheadfamily
                               \sphinxAtStartPar
I expect to see \noalign only after the \cr of
an alignment. Proceed, and I'll ignore this case.



File: Logo.png Graphic file (type bmp)
<Logo.png>
[48]
File: DIO_USER干接点信号作为输入.pdf Graphic file (type pdf)
<use DIO_USER干接点信号作为输入.pdf>


File: Logo.png Graphic file (type bmp)
<Logo.png>
[49]
File: DIO_USERPNP型信号作为输入.pdf Graphic file (type pdf)
<use DIO_USERPNP型信号作为输入.pdf>
File: DIO_USER数字输出接线.pdf Graphic file (type pdf)
<use DIO_USER数字输出接线.pdf>


File: Logo.png Graphic file (type bmp)
<Logo.png>
[50]
File: RS485接口.pdf Graphic file (type pdf)
<use RS485接口.pdf>
File: RS485接线.pdf Graphic file (type pdf)
<use RS485接线.pdf>


File: Logo.png Graphic file (type bmp)
<Logo.png>
[51]

File: Logo.png Graphic file (type bmp)
<Logo.png>
[52]
File: 打开电源开关.pdf Graphic file (type pdf)
<use 打开电源开关.pdf>
File: 按下电源按钮.pdf Graphic file (type pdf)
<use 按下电源按钮.pdf>


File: Logo.png Graphic file (type bmp)
<Logo.png>
[53]

File: Logo.png Graphic file (type bmp)
<Logo.png>
[54]

File: Logo.png Graphic file (type bmp)
<Logo.png>
[55]
Chapter 9.
File: 深度相机位置.pdf Graphic file (type pdf)
<use 深度相机位置.pdf>


File: Logo.png Graphic file (type bmp)
<Logo.png>
[56

]
! Misplaced \noalign.
\rowcolor ->\noalign 
                     {\ifnum 0=`}\fi \global \let \CT@do@color \CT@@do@color...
l.4650 \sphinxstyletheadfamily
                               \sphinxAtStartPar
I expect to see \noalign only after the \cr of
an alignment. Proceed, and I'll ignore this case.

! Misplaced \noalign.
\rowcolor ->\noalign 
                     {\ifnum 0=`}\fi \global \let \CT@do@color \CT@@do@color...
l.4655 \sphinxstyletheadfamily
                               \sphinxAtStartPar
I expect to see \noalign only after the \cr of
an alignment. Proceed, and I'll ignore this case.



File: Logo.png Graphic file (type bmp)
<Logo.png>
[57]
File: 充电桩显示屏.pdf Graphic file (type pdf)
<use 充电桩显示屏.pdf>


File: Logo.png Graphic file (type bmp)
<Logo.png>
[58]

File: Logo.png Graphic file (type bmp)
<Logo.png>
[59]
File: 充电桩漏电保护开关.pdf Graphic file (type pdf)
<use 充电桩漏电保护开关.pdf>
File: 充电桩急停按钮.pdf Graphic file (type pdf)
<use 充电桩急停按钮.pdf>


File: Logo.png Graphic file (type bmp)
<Logo.png>
[60]
File: 充电桩指示灯.pdf Graphic file (type pdf)
<use 充电桩指示灯.pdf>

! Misplaced \noalign.
\rowcolor ->\noalign 
                     {\ifnum 0=`}\fi \global \let \CT@do@color \CT@@do@color...
l.5029 \sphinxstyletheadfamily
                               \sphinxAtStartPar
I expect to see \noalign only after the \cr of
an alignment. Proceed, and I'll ignore this case.

! Misplaced \noalign.
\rowcolor ->\noalign 
                     {\ifnum 0=`}\fi \global \let \CT@do@color \CT@@do@color...
l.5034 \sphinxstyletheadfamily
                               \sphinxAtStartPar
I expect to see \noalign only after the \cr of
an alignment. Proceed, and I'll ignore this case.



File: Logo.png Graphic file (type bmp)
<Logo.png>
[61]
File: 充电桩电源接口.pdf Graphic file (type pdf)
<use 充电桩电源接口.pdf>


File: Logo.png Graphic file (type bmp)
<Logo.png>
[62]
File: 充电桩尺寸图.pdf Graphic file (type pdf)
<use 充电桩尺寸图.pdf>


File: Logo.png Graphic file (type bmp)
<Logo.png>
[63]
File: 充电桩安装所需空间.pdf Graphic file (type pdf)
<use 充电桩安装所需空间.pdf>


File: Logo.png Graphic file (type bmp)
<Logo.png>
[64]
File: 充电桩安装.pdf Graphic file (type pdf)
<use 充电桩安装.pdf>


File: Logo.png Graphic file (type bmp)
<Logo.png>
[65]
File: 背包尺寸图.pdf Graphic file (type pdf)
<use 背包尺寸图.pdf>


File: Logo.png Graphic file (type bmp)
<Logo.png>
[66]

File: Logo.png Graphic file (type bmp)
<Logo.png>
[67]
Chapter 10.


File: Logo.png Graphic file (type bmp)
<Logo.png>
[68

]

File: Logo.png Graphic file (type bmp)
<Logo.png>
[69]
Chapter 11.
File: 回收标识.png Graphic file (type bmp)
<回收标识.png>
File: 环保使用期限标识.png Graphic file (type bmp)
<环保使用期限标识.png>


File: Logo.png Graphic file (type bmp)
<Logo.png>
[70

]
! Misplaced \noalign.
\rowcolor ->\noalign 
                     {\ifnum 0=`}\fi \global \let \CT@do@color \CT@@do@color...
l.5427 \sphinxstyletheadfamily
                               \sphinxAtStartPar
I expect to see \noalign only after the \cr of
an alignment. Proceed, and I'll ignore this case.

! Misplaced \noalign.
\rowcolor ->\noalign 
                     {\ifnum 0=`}\fi \global \let \CT@do@color \CT@@do@color...
l.5432 \sphinxstyletheadfamily
                               \sphinxAtStartPar
I expect to see \noalign only after the \cr of
an alignment. Proceed, and I'll ignore this case.

! Misplaced \noalign.
\rowcolor ->\noalign 
                     {\ifnum 0=`}\fi \global \let \CT@do@color \CT@@do@color...
l.5437 \sphinxstyletheadfamily
                               \sphinxAtStartPar
I expect to see \noalign only after the \cr of
an alignment. Proceed, and I'll ignore this case.

! Misplaced \noalign.
\rowcolor ->\noalign 
                     {\ifnum 0=`}\fi \global \let \CT@do@color \CT@@do@color...
l.5442 \sphinxstyletheadfamily
                               \sphinxAtStartPar
I expect to see \noalign only after the \cr of
an alignment. Proceed, and I'll ignore this case.

! Misplaced \noalign.
\rowcolor ->\noalign 
                     {\ifnum 0=`}\fi \global \let \CT@do@color \CT@@do@color...
l.5447 \sphinxstyletheadfamily
                               \sphinxAtStartPar
I expect to see \noalign only after the \cr of
an alignment. Proceed, and I'll ignore this case.

! Misplaced \noalign.
\rowcolor ->\noalign 
                     {\ifnum 0=`}\fi \global \let \CT@do@color \CT@@do@color...
l.5452 \sphinxstyletheadfamily
                               \sphinxAtStartPar
I expect to see \noalign only after the \cr of
an alignment. Proceed, and I'll ignore this case.

! Misplaced \noalign.
\rowcolor ->\noalign 
                     {\ifnum 0=`}\fi \global \let \CT@do@color \CT@@do@color...
l.5457 \sphinxstyletheadfamily
                               \sphinxAtStartPar
I expect to see \noalign only after the \cr of
an alignment. Proceed, and I'll ignore this case.


Underfull \hbox (badness 10000) in paragraph at lines 5608--5610
[]\TU/SimSun(0)/m/n/10.95 线 缆 和 线
 []



File: Logo.png Graphic file (type bmp)
<Logo.png>
[71]
Chapter 12.


File: Logo.png Graphic file (type bmp)
<Logo.png>
[72

] (./iM-DManual.lof

File: Logo.png Graphic file (type bmp)
<Logo.png>
[73

])
\tf@lof=\write6
\openout6 = `iM-DManual.lof'.



File: Logo.png Graphic file (type bmp)
<Logo.png>
[74] (./iM-DManual.lot)
\tf@lot=\write7
\openout7 = `iM-DManual.lot'.

 (./backcover.tex

File: Logo.png Graphic file (type bmp)
<Logo.png>
[75

]
File: 官网二维码.png Graphic file (type bmp)
<官网二维码.png>
)
No file iM-DManual.ind.


[76

] 
enddocument/afterlastpage (AED): lastpage setting LastPage.
(./iM-DManual.aux)
 ***********
LaTeX2e <2024-11-01> patch level 2
L3 programming layer <2022/08/05>
 ***********


LaTeX Warning: Label(s) may have changed. Rerun to get cross-references right.

 ) 
Here is how much of TeX's memory you used:
 26475 strings out of 475796
 545169 string characters out of 5774033
 969128 words of memory out of 5000000
 48820 multiletter control sequences out of 15000+600000
 566039 words of font info for 126 fonts, out of 8000000 for 9000
 37 hyphenation exceptions out of 8191
 74i,21n,111p,1199b,753s stack positions out of 10000i,1000n,20000p,200000b,200000s

Output written on iM-DManual.pdf (80 pages).
